<?xml version="1.0" encoding="UTF-8"?>
<coverage generated="1776264881427" clover="3.2.0">
  <project timestamp="1776264881427" name="All files">
    <metrics statements="13" coveredstatements="13" conditionals="20" coveredconditionals="19" methods="3" coveredmethods="3" elements="36" coveredelements="35" complexity="0" loc="13" ncloc="13" packages="1" files="1" classes="1"/>
    <file name="calculNote.js" path="C:\Users\User\Desktop\s2\Devops\tp\tp-api-nodejs\utils\calculNote.js">
      <metrics statements="13" coveredstatements="13" conditionals="20" coveredconditionals="19" methods="3" coveredmethods="3"/>
      <line num="4" count="3" type="stmt"/>
      <line num="12" count="16" type="cond" truecount="4" falsecount="0"/>
      <line num="13" count="13" type="cond" truecount="2" falsecount="0"/>
      <line num="19" count="9" type="cond" truecount="4" falsecount="0"/>
      <line num="20" count="1" type="stmt"/>
      <line num="22" count="8" type="cond" truecount="2" falsecount="0"/>
      <line num="23" count="2" type="stmt"/>
      <line num="25" count="6" type="cond" truecount="2" falsecount="0"/>
      <line num="26" count="4" type="cond" truecount="2" falsecount="0"/>
      <line num="27" count="3" type="cond" truecount="1" falsecount="1"/>
      <line num="28" count="3" type="cond" truecount="2" falsecount="0"/>
      <line num="29" count="2" type="stmt"/>
      <line num="32" count="1" type="stmt"/>
    </file>
  </project>
</coverage>
