{"C:\\Users\\User\\Desktop\\s2\\Devops\\tp\\tp-api-nodejs\\utils\\calculNote.js": {"path":"C:\\Users\\User\\Desktop\\s2\\Devops\\tp\\tp-api-nodejs\\utils\\calculNote.js","statementMap":{"0":{"start":{"line":4,"column":2},"end":{"line":4,"column":15}},"1":{"start":{"line":12,"column":2},"end":{"line":12,"column":64}},"2":{"start":{"line":12,"column":51},"end":{"line":12,"column":64}},"3":{"start":{"line":13,"column":2},"end":{"line":13,"column":37}},"4":{"start":{"line":19,"column":2},"end":{"line":21,"column":3}},"5":{"start":{"line":20,"column":4},"end":{"line":20,"column":54}},"6":{"start":{"line":22,"column":2},"end":{"line":24,"column":3}},"7":{"start":{"line":23,"column":4},"end":{"line":23,"column":67}},"8":{"start":{"line":25,"column":2},"end":{"line":25,"column":40}},"9":{"start":{"line":25,"column":21},"end":{"line":25,"column":40}},"10":{"start":{"line":26,"column":2},"end":{"line":26,"column":35}},"11":{"start":{"line":26,"column":21},"end":{"line":26,"column":35}},"12":{"start":{"line":27,"column":2},"end":{"line":27,"column":41}},"13":{"start":{"line":27,"column":21},"end":{"line":27,"column":41}},"14":{"start":{"line":28,"column":2},"end":{"line":28,"column":39}},"15":{"start":{"line":28,"column":21},"end":{"line":28,"column":39}},"16":{"start":{"line":29,"column":2},"end":{"line":29,"column":23}},"17":{"start":{"line":32,"column":0},"end":{"line":32,"column":64}}},"fnMap":{"0":{"name":"additionner","decl":{"start":{"line":3,"column":9},"end":{"line":3,"column":20}},"loc":{"start":{"line":3,"column":27},"end":{"line":5,"column":1}},"line":3},"1":{"name":"isValidMoyenne","decl":{"start":{"line":11,"column":9},"end":{"line":11,"column":23}},"loc":{"start":{"line":11,"column":32},"end":{"line":14,"column":1}},"line":11},"2":{"name":"calculMention","decl":{"start":{"line":18,"column":9},"end":{"line":18,"column":22}},"loc":{"start":{"line":18,"column":32},"end":{"line":30,"column":1}},"line":18}},"branchMap":{"0":{"loc":{"start":{"line":12,"column":2},"end":{"line":12,"column":64}},"type":"if","locations":[{"start":{"line":12,"column":2},"end":{"line":12,"column":64}},{"start":{},"end":{}}],"line":12},"1":{"loc":{"start":{"line":12,"column":6},"end":{"line":12,"column":49}},"type":"binary-expr","locations":[{"start":{"line":12,"column":6},"end":{"line":12,"column":32}},{"start":{"line":12,"column":36},"end":{"line":12,"column":49}}],"line":12},"2":{"loc":{"start":{"line":13,"column":9},"end":{"line":13,"column":36}},"type":"binary-expr","locations":[{"start":{"line":13,"column":9},"end":{"line":13,"column":20}},{"start":{"line":13,"column":24},"end":{"line":13,"column":36}}],"line":13},"3":{"loc":{"start":{"line":19,"column":2},"end":{"line":21,"column":3}},"type":"if","locations":[{"start":{"line":19,"column":2},"end":{"line":21,"column":3}},{"start":{},"end":{}}],"line":19},"4":{"loc":{"start":{"line":19,"column":6},"end":{"line":19,"column":51}},"type":"binary-expr","locations":[{"start":{"line":19,"column":6},"end":{"line":19,"column":33}},{"start":{"line":19,"column":37},"end":{"line":19,"column":51}}],"line":19},"5":{"loc":{"start":{"line":22,"column":2},"end":{"line":24,"column":3}},"type":"if","locations":[{"start":{"line":22,"column":2},"end":{"line":24,"column":3}},{"start":{},"end":{}}],"line":22},"6":{"loc":{"start":{"line":25,"column":2},"end":{"line":25,"column":40}},"type":"if","locations":[{"start":{"line":25,"column":2},"end":{"line":25,"column":40}},{"start":{},"end":{}}],"line":25},"7":{"loc":{"start":{"line":26,"column":2},"end":{"line":26,"column":35}},"type":"if","locations":[{"start":{"line":26,"column":2},"end":{"line":26,"column":35}},{"start":{},"end":{}}],"line":26},"8":{"loc":{"start":{"line":27,"column":2},"end":{"line":27,"column":41}},"type":"if","locations":[{"start":{"line":27,"column":2},"end":{"line":27,"column":41}},{"start":{},"end":{}}],"line":27},"9":{"loc":{"start":{"line":28,"column":2},"end":{"line":28,"column":39}},"type":"if","locations":[{"start":{"line":28,"column":2},"end":{"line":28,"column":39}},{"start":{},"end":{}}],"line":28}},"s":{"0":3,"1":16,"2":3,"3":13,"4":9,"5":1,"6":8,"7":2,"8":6,"9":2,"10":4,"11":1,"12":3,"13":0,"14":3,"15":1,"16":2,"17":1},"f":{"0":3,"1":16,"2":9},"b":{"0":[3,13],"1":[16,13],"2":[13,11],"3":[1,8],"4":[9,8],"5":[2,6],"6":[2,4],"7":[1,3],"8":[0,3],"9":[1,2]},"_coverageSchema":"1a1c01bbd47fc00a2c39e90264f33305004495a9","hash":"a4cd47e582db60633b712496e5ee16ff55b51e9d"}
}
